<?xml version="1.0" encoding="UTF-8"?>
<testsuite name="BowlingGameTest" tests="2" skipped="0" failures="0" errors="0" timestamp="2021-06-16T01:49:22" hostname="MacBook-Pro-22.local" time="0.073">
  <properties/>
  <testcase name="trueIsTrue" classname="BowlingGameTest" time="0.068"/>
  <testcase name="noPinsEver" classname="BowlingGameTest" time="0.005"/>
  <system-out><![CDATA[]]></system-out>
  <system-err><![CDATA[]]></system-err>
</testsuite>
